{
  "RSpec": {
    "coverage": {
      "/Users/harrietcraven/Projects/chitter_challenge_labweek/spec/features/creating_peeps_spec.rb": [
        1,
        1,
        null,
        1,
        null,
        1,
        1,
        1,
        1,
        null,
        1,
        null,
        1,
        1,
        null,
        null,
        null,
        1,
        1,
        null,
        null,
        null,
        null
      ],
      "/Users/harrietcraven/Projects/chitter_challenge_labweek/spec/features/signing_up_spec.rb": [
        1
      ],
      "/Users/harrietcraven/Projects/chitter_challenge_labweek/spec/features/viewing_peeps_spec.rb": [
        1,
        1,
        null,
        1,
        null,
        1,
        1,
        1,
        1,
        1,
        1,
        null,
        null,
        null,
        null
      ]
    },
    "timestamp": 1444055562
  }
}
