{
  "RSpec": {
    "coverage": {
      "/Users/EmilyWorrall/Desktop/Projects/week_6/chitter_challenge_lab_week/spec/features/signing_up_spec.rb": [
        1
      ],
      "/Users/EmilyWorrall/Desktop/Projects/week_6/chitter_challenge_lab_week/spec/features/user_management_spec.rb": [
        1,
        1,
        null,
        1,
        null,
        1,
        2,
        0,
        0,
        null,
        null,
        1,
        null,
        1,
        1,
        1,
        1,
        1,
        null,
        null
      ],
      "/Users/EmilyWorrall/Desktop/Projects/week_6/chitter_challenge_lab_week/spec/features/viewing_peeps_spec.rb": [
        1,
        1,
        null,
        1,
        null,
        1,
        1,
        1,
        1,
        1,
        1,
        null,
        null,
        null,
        null
      ]
    },
    "timestamp": 1444056251
  }
}
